<?xml version="1.0" encoding="UTF-8"?>
<!-- Generated by org.testng.reporters.JUnitReportReporter -->
<testsuite skipped="0" hostname="DESKTOP-R9VJGBE" name="com.crm.testngprograms.Demo" tests="1" failures="0" timestamp="31 Jul 2018 08:23:03 GMT" time="0.028" errors="0">
  <testcase name="testProducId" time="0.028" classname="com.crm.testngprograms.Demo"/>
</testsuite> <!-- com.crm.testngprograms.Demo -->
