<?xml version="1.0" encoding="UTF-8"?>
<!-- Generated by org.testng.reporters.JUnitReportReporter -->
<testsuite skipped="0" hostname="DESKTOP-R9VJGBE" name="com.crm.test.ValidLogin" tests="1" failures="0" timestamp="15 Sep 2018 09:25:35 GMT" time="55.998" errors="0">
  <testcase name="testValidLogin" time="55.998" classname="com.crm.test.ValidLogin"/>
</testsuite> <!-- com.crm.test.ValidLogin -->
