<?xml version="1.0" encoding="UTF-8"?>
<!-- Generated by org.testng.reporters.JUnitReportReporter -->
<testsuite skipped="0" hostname="DESKTOP-R9VJGBE" name="com.crm.testngprograms.Demo4" tests="1" failures="0" timestamp="31 Jul 2018 10:15:13 GMT" time="0.001" errors="0">
  <testcase name="testProducId" time="0.001" classname="com.crm.testngprograms.Demo4"/>
</testsuite> <!-- com.crm.testngprograms.Demo4 -->
