<?xml version="1.0" encoding="UTF-8"?>
<!-- Generated by org.testng.reporters.JUnitReportReporter -->
<testsuite skipped="0" hostname="DESKTOP-R9VJGBE" name="com.crm.testngprograms.Demo2" tests="3" failures="0" timestamp="31 Jul 2018 10:24:04 GMT" time="0.027" errors="0">
  <testcase name="testProductCost" time="0.022" classname="com.crm.testngprograms.Demo2"/>
  <testcase name="testProductTag" time="0.003" classname="com.crm.testngprograms.Demo2"/>
  <testcase name="testProductDiscount" time="0.002" classname="com.crm.testngprograms.Demo2"/>
</testsuite> <!-- com.crm.testngprograms.Demo2 -->
