<?xml version="1.0" encoding="UTF-8"?>
<!-- Generated by org.testng.reporters.JUnitReportReporter -->
<testsuite skipped="0" hostname="DESKTOP-R9VJGBE" name="com.crm.testngprograms.Demo5" tests="2" failures="0" timestamp="31 Jul 2018 10:15:13 GMT" time="0.027" errors="0">
  <testcase name="testProductAxes" time="0.026" classname="com.crm.testngprograms.Demo5"/>
  <testcase name="testProductColor" time="0.001" classname="com.crm.testngprograms.Demo5"/>
</testsuite> <!-- com.crm.testngprograms.Demo5 -->
