<?xml version="1.0" encoding="UTF-8"?>
<!-- Generated by org.testng.reporters.JUnitReportReporter -->
<testsuite skipped="0" hostname="DESKTOP-R9VJGBE" name="com.crm.testngprograms.Demo3" tests="1" failures="0" timestamp="31 Jul 2018 10:24:12 GMT" time="0.027" errors="0">
  <testcase name="testProductLine" time="0.027" classname="com.crm.testngprograms.Demo3"/>
</testsuite> <!-- com.crm.testngprograms.Demo3 -->
